Determining if the function crc32c_value exists in the crc32c failed with the following output:
Change Dir: /host/ubuntudata/code/publish/leveldb/CMakeFiles/CMakeTmp

Run Build Command:"/usr/bin/make" "cmTC_60d0f/fast"
/usr/bin/make -f CMakeFiles/cmTC_60d0f.dir/build.make CMakeFiles/cmTC_60d0f.dir/build
make[1]: 进入目录“/host/ubuntudata/code/publish/leveldb/CMakeFiles/CMakeTmp”
Building C object CMakeFiles/cmTC_60d0f.dir/CheckFunctionExists.c.o
/usr/bin/cc   -DCHECK_FUNCTION_EXISTS=crc32c_value   -std=c11 -o CMakeFiles/cmTC_60d0f.dir/CheckFunctionExists.c.o   -c /usr/share/cmake-3.10/Modules/CheckFunctionExists.c
Linking C executable cmTC_60d0f
/usr/bin/cmake -E cmake_link_script CMakeFiles/cmTC_60d0f.dir/link.txt --verbose=1
/usr/bin/cc  -DCHECK_FUNCTION_EXISTS=crc32c_value    CMakeFiles/cmTC_60d0f.dir/CheckFunctionExists.c.o  -o cmTC_60d0f -lcrc32c 
/usr/bin/ld: 找不到 -lcrc32c
collect2: error: ld returned 1 exit status
CMakeFiles/cmTC_60d0f.dir/build.make:97: recipe for target 'cmTC_60d0f' failed
make[1]: *** [cmTC_60d0f] Error 1
make[1]: 离开目录“/host/ubuntudata/code/publish/leveldb/CMakeFiles/CMakeTmp”
Makefile:126: recipe for target 'cmTC_60d0f/fast' failed
make: *** [cmTC_60d0f/fast] Error 2


Determining if the function snappy_compress exists in the snappy failed with the following output:
Change Dir: /host/ubuntudata/code/publish/leveldb/CMakeFiles/CMakeTmp

Run Build Command:"/usr/bin/make" "cmTC_7b54a/fast"
/usr/bin/make -f CMakeFiles/cmTC_7b54a.dir/build.make CMakeFiles/cmTC_7b54a.dir/build
make[1]: 进入目录“/host/ubuntudata/code/publish/leveldb/CMakeFiles/CMakeTmp”
Building C object CMakeFiles/cmTC_7b54a.dir/CheckFunctionExists.c.o
/usr/bin/cc   -DCHECK_FUNCTION_EXISTS=snappy_compress   -std=c11 -o CMakeFiles/cmTC_7b54a.dir/CheckFunctionExists.c.o   -c /usr/share/cmake-3.10/Modules/CheckFunctionExists.c
Linking C executable cmTC_7b54a
/usr/bin/cmake -E cmake_link_script CMakeFiles/cmTC_7b54a.dir/link.txt --verbose=1
/usr/bin/cc  -DCHECK_FUNCTION_EXISTS=snappy_compress    CMakeFiles/cmTC_7b54a.dir/CheckFunctionExists.c.o  -o cmTC_7b54a -lsnappy 
/usr/bin/ld: 找不到 -lsnappy
collect2: error: ld returned 1 exit status
CMakeFiles/cmTC_7b54a.dir/build.make:97: recipe for target 'cmTC_7b54a' failed
make[1]: *** [cmTC_7b54a] Error 1
make[1]: 离开目录“/host/ubuntudata/code/publish/leveldb/CMakeFiles/CMakeTmp”
Makefile:126: recipe for target 'cmTC_7b54a/fast' failed
make: *** [cmTC_7b54a/fast] Error 2


Determining if the function malloc exists in the tcmalloc failed with the following output:
Change Dir: /host/ubuntudata/code/publish/leveldb/CMakeFiles/CMakeTmp

Run Build Command:"/usr/bin/make" "cmTC_30d40/fast"
/usr/bin/make -f CMakeFiles/cmTC_30d40.dir/build.make CMakeFiles/cmTC_30d40.dir/build
make[1]: 进入目录“/host/ubuntudata/code/publish/leveldb/CMakeFiles/CMakeTmp”
Building C object CMakeFiles/cmTC_30d40.dir/CheckFunctionExists.c.o
/usr/bin/cc   -DCHECK_FUNCTION_EXISTS=malloc   -std=c11 -o CMakeFiles/cmTC_30d40.dir/CheckFunctionExists.c.o   -c /usr/share/cmake-3.10/Modules/CheckFunctionExists.c
<command-line>:0:23: warning: conflicting types for built-in function ‘malloc’ [-Wbuiltin-declaration-mismatch]
/usr/share/cmake-3.10/Modules/CheckFunctionExists.c:7:3: note: in expansion of macro ‘CHECK_FUNCTION_EXISTS’
   CHECK_FUNCTION_EXISTS(void);
   ^~~~~~~~~~~~~~~~~~~~~
Linking C executable cmTC_30d40
/usr/bin/cmake -E cmake_link_script CMakeFiles/cmTC_30d40.dir/link.txt --verbose=1
/usr/bin/cc  -DCHECK_FUNCTION_EXISTS=malloc    CMakeFiles/cmTC_30d40.dir/CheckFunctionExists.c.o  -o cmTC_30d40 -ltcmalloc 
/usr/bin/ld: 找不到 -ltcmalloc
collect2: error: ld returned 1 exit status
CMakeFiles/cmTC_30d40.dir/build.make:97: recipe for target 'cmTC_30d40' failed
make[1]: *** [cmTC_30d40] Error 1
make[1]: 离开目录“/host/ubuntudata/code/publish/leveldb/CMakeFiles/CMakeTmp”
Makefile:126: recipe for target 'cmTC_30d40/fast' failed
make: *** [cmTC_30d40/fast] Error 2


Determining if the F_FULLFSYNC exist failed with the following output:
Change Dir: /host/ubuntudata/code/publish/leveldb/CMakeFiles/CMakeTmp

Run Build Command:"/usr/bin/make" "cmTC_21a34/fast"
/usr/bin/make -f CMakeFiles/cmTC_21a34.dir/build.make CMakeFiles/cmTC_21a34.dir/build
make[1]: 进入目录“/host/ubuntudata/code/publish/leveldb/CMakeFiles/CMakeTmp”
Building CXX object CMakeFiles/cmTC_21a34.dir/CheckSymbolExists.cxx.o
/usr/bin/c++    -std=c++11 -o CMakeFiles/cmTC_21a34.dir/CheckSymbolExists.cxx.o -c /host/ubuntudata/code/publish/leveldb/CMakeFiles/CMakeTmp/CheckSymbolExists.cxx
/host/ubuntudata/code/publish/leveldb/CMakeFiles/CMakeTmp/CheckSymbolExists.cxx: In function ‘int main(int, char**)’:
/host/ubuntudata/code/publish/leveldb/CMakeFiles/CMakeTmp/CheckSymbolExists.cxx:8:19: error: ‘F_FULLFSYNC’ was not declared in this scope
   return ((int*)(&F_FULLFSYNC))[argc];
                   ^~~~~~~~~~~
/host/ubuntudata/code/publish/leveldb/CMakeFiles/CMakeTmp/CheckSymbolExists.cxx:8:19: note: suggested alternative: ‘O_FSYNC’
   return ((int*)(&F_FULLFSYNC))[argc];
                   ^~~~~~~~~~~
                   O_FSYNC
CMakeFiles/cmTC_21a34.dir/build.make:65: recipe for target 'CMakeFiles/cmTC_21a34.dir/CheckSymbolExists.cxx.o' failed
make[1]: *** [CMakeFiles/cmTC_21a34.dir/CheckSymbolExists.cxx.o] Error 1
make[1]: 离开目录“/host/ubuntudata/code/publish/leveldb/CMakeFiles/CMakeTmp”
Makefile:126: recipe for target 'cmTC_21a34/fast' failed
make: *** [cmTC_21a34/fast] Error 2

File /host/ubuntudata/code/publish/leveldb/CMakeFiles/CMakeTmp/CheckSymbolExists.cxx:
/* */
#include <fcntl.h>

int main(int argc, char** argv)
{
  (void)argv;
#ifndef F_FULLFSYNC
  return ((int*)(&F_FULLFSYNC))[argc];
#else
  (void)argc;
  return 0;
#endif
}

Performing C++ SOURCE FILE Test HAVE_CLANG_THREAD_SAFETY failed with the following output:
Change Dir: /host/ubuntudata/code/publish/leveldb/CMakeFiles/CMakeTmp

Run Build Command:"/usr/bin/make" "cmTC_a6a79/fast"
/usr/bin/make -f CMakeFiles/cmTC_a6a79.dir/build.make CMakeFiles/cmTC_a6a79.dir/build
make[1]: 进入目录“/host/ubuntudata/code/publish/leveldb/CMakeFiles/CMakeTmp”
Building CXX object CMakeFiles/cmTC_a6a79.dir/src.cxx.o
/usr/bin/c++    -DHAVE_CLANG_THREAD_SAFETY -Werror   -std=c++11 -o CMakeFiles/cmTC_a6a79.dir/src.cxx.o -c /host/ubuntudata/code/publish/leveldb/CMakeFiles/CMakeTmp/src.cxx
/host/ubuntudata/code/publish/leveldb/CMakeFiles/CMakeTmp/src.cxx:2:34: error: ‘lockable’ attribute directive ignored [-Werror=attributes]
 struct __attribute__((lockable)) Lock {
                                  ^~~~
/host/ubuntudata/code/publish/leveldb/CMakeFiles/CMakeTmp/src.cxx:3:59: error: ‘exclusive_lock_function’ attribute directive ignored [-Werror=attributes]
   void Acquire() __attribute__((exclusive_lock_function()));
                                                           ^
/host/ubuntudata/code/publish/leveldb/CMakeFiles/CMakeTmp/src.cxx:4:51: error: ‘unlock_function’ attribute directive ignored [-Werror=attributes]
   void Release() __attribute__((unlock_function()));
                                                   ^
/host/ubuntudata/code/publish/leveldb/CMakeFiles/CMakeTmp/src.cxx:8:46: error: ‘guarded_by’ attribute directive ignored [-Werror=attributes]
   int data_ __attribute__((guarded_by(lock_)));
                                              ^
cc1plus: all warnings being treated as errors
CMakeFiles/cmTC_a6a79.dir/build.make:65: recipe for target 'CMakeFiles/cmTC_a6a79.dir/src.cxx.o' failed
make[1]: *** [CMakeFiles/cmTC_a6a79.dir/src.cxx.o] Error 1
make[1]: 离开目录“/host/ubuntudata/code/publish/leveldb/CMakeFiles/CMakeTmp”
Makefile:126: recipe for target 'cmTC_a6a79/fast' failed
make: *** [cmTC_a6a79/fast] Error 2

Source file was:

struct __attribute__((lockable)) Lock {
  void Acquire() __attribute__((exclusive_lock_function()));
  void Release() __attribute__((unlock_function()));
};
struct ThreadSafeType {
  Lock lock_;
  int data_ __attribute__((guarded_by(lock_)));
};
int main() { return 0; }

Determining if the pthread_create exist failed with the following output:
Change Dir: /host/ubuntudata/code/publish/leveldb/CMakeFiles/CMakeTmp

Run Build Command:"/usr/bin/make" "cmTC_5570f/fast"
/usr/bin/make -f CMakeFiles/cmTC_5570f.dir/build.make CMakeFiles/cmTC_5570f.dir/build
make[1]: 进入目录“/host/ubuntudata/code/publish/leveldb/CMakeFiles/CMakeTmp”
Building C object CMakeFiles/cmTC_5570f.dir/CheckSymbolExists.c.o
/usr/bin/cc   -std=c11 -o CMakeFiles/cmTC_5570f.dir/CheckSymbolExists.c.o   -c /host/ubuntudata/code/publish/leveldb/CMakeFiles/CMakeTmp/CheckSymbolExists.c
Linking C executable cmTC_5570f
/usr/bin/cmake -E cmake_link_script CMakeFiles/cmTC_5570f.dir/link.txt --verbose=1
/usr/bin/cc      CMakeFiles/cmTC_5570f.dir/CheckSymbolExists.c.o  -o cmTC_5570f 
CMakeFiles/cmTC_5570f.dir/CheckSymbolExists.c.o：在函数‘main’中：
CheckSymbolExists.c:(.text+0x1b)：对‘pthread_create’未定义的引用
collect2: error: ld returned 1 exit status
CMakeFiles/cmTC_5570f.dir/build.make:97: recipe for target 'cmTC_5570f' failed
make[1]: *** [cmTC_5570f] Error 1
make[1]: 离开目录“/host/ubuntudata/code/publish/leveldb/CMakeFiles/CMakeTmp”
Makefile:126: recipe for target 'cmTC_5570f/fast' failed
make: *** [cmTC_5570f/fast] Error 2

File /host/ubuntudata/code/publish/leveldb/CMakeFiles/CMakeTmp/CheckSymbolExists.c:
/* */
#include <pthread.h>

int main(int argc, char** argv)
{
  (void)argv;
#ifndef pthread_create
  return ((int*)(&pthread_create))[argc];
#else
  (void)argc;
  return 0;
#endif
}

Determining if the function pthread_create exists in the pthreads failed with the following output:
Change Dir: /host/ubuntudata/code/publish/leveldb/CMakeFiles/CMakeTmp

Run Build Command:"/usr/bin/make" "cmTC_0bfd5/fast"
/usr/bin/make -f CMakeFiles/cmTC_0bfd5.dir/build.make CMakeFiles/cmTC_0bfd5.dir/build
make[1]: 进入目录“/host/ubuntudata/code/publish/leveldb/CMakeFiles/CMakeTmp”
Building C object CMakeFiles/cmTC_0bfd5.dir/CheckFunctionExists.c.o
/usr/bin/cc   -DCHECK_FUNCTION_EXISTS=pthread_create   -std=c11 -o CMakeFiles/cmTC_0bfd5.dir/CheckFunctionExists.c.o   -c /usr/share/cmake-3.10/Modules/CheckFunctionExists.c
Linking C executable cmTC_0bfd5
/usr/bin/cmake -E cmake_link_script CMakeFiles/cmTC_0bfd5.dir/link.txt --verbose=1
/usr/bin/cc  -DCHECK_FUNCTION_EXISTS=pthread_create    CMakeFiles/cmTC_0bfd5.dir/CheckFunctionExists.c.o  -o cmTC_0bfd5 -lpthreads 
/usr/bin/ld: 找不到 -lpthreads
collect2: error: ld returned 1 exit status
CMakeFiles/cmTC_0bfd5.dir/build.make:97: recipe for target 'cmTC_0bfd5' failed
make[1]: *** [cmTC_0bfd5] Error 1
make[1]: 离开目录“/host/ubuntudata/code/publish/leveldb/CMakeFiles/CMakeTmp”
Makefile:126: recipe for target 'cmTC_0bfd5/fast' failed
make: *** [cmTC_0bfd5/fast] Error 2


Determining if the function sqlite3_open exists in the sqlite3 failed with the following output:
Change Dir: /host/ubuntudata/code/publish/leveldb/CMakeFiles/CMakeTmp

Run Build Command:"/usr/bin/make" "cmTC_a5f0b/fast"
/usr/bin/make -f CMakeFiles/cmTC_a5f0b.dir/build.make CMakeFiles/cmTC_a5f0b.dir/build
make[1]: 进入目录“/host/ubuntudata/code/publish/leveldb/CMakeFiles/CMakeTmp”
Building C object CMakeFiles/cmTC_a5f0b.dir/CheckFunctionExists.c.o
/usr/bin/cc   -DCHECK_FUNCTION_EXISTS=sqlite3_open   -std=c11 -o CMakeFiles/cmTC_a5f0b.dir/CheckFunctionExists.c.o   -c /usr/share/cmake-3.10/Modules/CheckFunctionExists.c
Linking C executable cmTC_a5f0b
/usr/bin/cmake -E cmake_link_script CMakeFiles/cmTC_a5f0b.dir/link.txt --verbose=1
/usr/bin/cc  -DCHECK_FUNCTION_EXISTS=sqlite3_open    CMakeFiles/cmTC_a5f0b.dir/CheckFunctionExists.c.o  -o cmTC_a5f0b -lsqlite3 
/usr/bin/ld: 找不到 -lsqlite3
collect2: error: ld returned 1 exit status
CMakeFiles/cmTC_a5f0b.dir/build.make:97: recipe for target 'cmTC_a5f0b' failed
make[1]: *** [cmTC_a5f0b] Error 1
make[1]: 离开目录“/host/ubuntudata/code/publish/leveldb/CMakeFiles/CMakeTmp”
Makefile:126: recipe for target 'cmTC_a5f0b/fast' failed
make: *** [cmTC_a5f0b/fast] Error 2


Performing C++ SOURCE FILE Test HAVE_KYOTOCABINET failed with the following output:
Change Dir: /host/ubuntudata/code/publish/leveldb/CMakeFiles/CMakeTmp

Run Build Command:"/usr/bin/make" "cmTC_f21c8/fast"
/usr/bin/make -f CMakeFiles/cmTC_f21c8.dir/build.make CMakeFiles/cmTC_f21c8.dir/build
make[1]: 进入目录“/host/ubuntudata/code/publish/leveldb/CMakeFiles/CMakeTmp”
Building CXX object CMakeFiles/cmTC_f21c8.dir/src.cxx.o
/usr/bin/c++    -DHAVE_KYOTOCABINET   -std=c++11 -o CMakeFiles/cmTC_f21c8.dir/src.cxx.o -c /host/ubuntudata/code/publish/leveldb/CMakeFiles/CMakeTmp/src.cxx
/host/ubuntudata/code/publish/leveldb/CMakeFiles/CMakeTmp/src.cxx:2:10: fatal error: kcpolydb.h: 没有那个文件或目录
 #include <kcpolydb.h>
          ^~~~~~~~~~~~
compilation terminated.
CMakeFiles/cmTC_f21c8.dir/build.make:65: recipe for target 'CMakeFiles/cmTC_f21c8.dir/src.cxx.o' failed
make[1]: *** [CMakeFiles/cmTC_f21c8.dir/src.cxx.o] Error 1
make[1]: 离开目录“/host/ubuntudata/code/publish/leveldb/CMakeFiles/CMakeTmp”
Makefile:126: recipe for target 'cmTC_f21c8/fast' failed
make: *** [cmTC_f21c8/fast] Error 2

Source file was:

#include <kcpolydb.h>

int main() {
  kyotocabinet::TreeDB* db = new kyotocabinet::TreeDB();
  delete db;
  return 0;
}
  
